advertised.listeners
alter.config.policy.class.name
alter.log.dirs.replication.quota.window.num
alter.log.dirs.replication.quota.window.size.seconds
authorizer.class.name
auto.create.topics.enable
auto.leader.rebalance.enable
background.threads
broker.heartbeat.interval.ms
broker.id
broker.id.generation.enable
broker.rack
broker.session.timeout.ms
client.quota.callback.class
compression.type
confluent.authorizer.authority.name
confluent.balancer.disk.max.load
confluent.balancer.enable
confluent.balancer.exclude.topic.names
confluent.balancer.exclude.topic.prefixes
confluent.balancer.heal.broker.failure.threshold.ms
confluent.balancer.heal.uneven.load.trigger
confluent.balancer.max.replicas
confluent.balancer.network.in.max.bytes.per.second
confluent.balancer.network.out.max.bytes.per.second
confluent.balancer.throttle.bytes.per.second
confluent.cluster.link.enable
confluent.cluster.link.fetch.response.min.bytes
confluent.cluster.link.fetch.response.total.bytes
confluent.cluster.link.io.max.bytes.per.second
confluent.cluster.link.replication.quota.mode
confluent.cluster.link.replication.quota.window.num
confluent.cluster.link.replication.quota.window.size.seconds
confluent.log.placement.constraints
confluent.metadata.server.cluster.registry.clusters
confluent.offsets.topic.placement.constraints
confluent.reporters.telemetry.auto.enable
confluent.security.event.logger.authentication.enable
confluent.security.event.logger.enable
confluent.security.event.router.config
confluent.telemetry.enabled
confluent.tier.archiver.num.threads
confluent.tier.azure.block.blob.container
confluent.tier.azure.block.blob.cred.file.path
confluent.tier.azure.block.blob.endpoint
confluent.tier.azure.block.blob.prefix
confluent.tier.backend
confluent.tier.enable
confluent.tier.feature
confluent.tier.fenced.segment.delete.delay.ms
confluent.tier.fetcher.num.threads
confluent.tier.gcs.bucket
confluent.tier.gcs.cred.file.path
confluent.tier.gcs.prefix
confluent.tier.gcs.region
confluent.tier.local.hotset.bytes
confluent.tier.local.hotset.ms
confluent.tier.max.partition.fetch.bytes.override
confluent.tier.metadata.bootstrap.servers
confluent.tier.metadata.replication.factor
confluent.tier.s3.aws.endpoint.override
confluent.tier.s3.bucket
confluent.tier.s3.cred.file.path
confluent.tier.s3.force.path.style.access
confluent.tier.s3.prefix
confluent.tier.s3.region
confluent.tier.s3.ssl.enabled.protocols
confluent.tier.s3.ssl.key.password
confluent.tier.s3.ssl.keystore.location
confluent.tier.s3.ssl.keystore.password
confluent.tier.s3.ssl.keystore.type
confluent.tier.s3.ssl.protocol
confluent.tier.s3.ssl.truststore.location
confluent.tier.s3.ssl.truststore.password
confluent.tier.s3.ssl.truststore.type
confluent.tier.topic.delete.check.interval.ms
confluent.tier.topic.delete.max.inprogress.partitions
confluent.transaction.state.log.placement.constraints
connection.failed.authentication.delay.ms
connections.max.idle.ms
connections.max.reauth.ms
controlled.shutdown.enable
controlled.shutdown.max.retries
controlled.shutdown.retry.backoff.ms
controller.listener.names
controller.quorum.append.linger.ms
controller.quorum.election.backoff.max.ms
controller.quorum.election.timeout.ms
controller.quorum.fetch.timeout.ms
controller.quorum.request.timeout.ms
controller.quorum.retry.backoff.ms
controller.quorum.voters
controller.quota.window.num
controller.quota.window.size.seconds
controller.socket.timeout.ms
control.plane.listener.name
create.topic.policy.class.name
default.replication.factor
delegation.token.expiry.check.interval.ms
delegation.token.expiry.time.ms
delegation.token.master.key
delegation.token.max.lifetime.ms
delegation.token.secret.key
delete.records.purgatory.purge.interval.requests
delete.topic.enable
enable.fips
fetch.max.bytes
fetch.purgatory.purge.interval.requests
follower.replication.throttled.rate
follower.replication.throttled.replicas
group.initial.rebalance.delay.ms
group.max.session.timeout.ms
group.max.size
group.min.session.timeout.ms
initial.broker.registration.timeout.ms
inter.broker.listener.name
inter.broker.protocol.version
kafka.metrics.polling.interval.secs
kafka.metrics.reporters
leader.imbalance.check.interval.seconds
leader.imbalance.per.broker.percentage
leader.replication.throttled.rate
leader.replication.throttled.replicas
listeners
listener.security.protocol.map
log.cleaner.backoff.ms
log.cleaner.dedupe.buffer.size
log.cleaner.delete.retention.ms
log.cleaner.enable
log.cleaner.io.buffer.load.factor
log.cleaner.io.buffer.size
log.cleaner.io.max.bytes.per.second
log.cleaner.max.compaction.lag.ms
log.cleaner.min.cleanable.ratio
log.cleaner.min.compaction.lag.ms
log.cleaner.threads
log.cleanup.policy
log.deletion.max.segments.per.run
log.dir
log.dirs
log.flush.interval.messages
log.flush.interval.ms
log.flush.offset.checkpoint.interval.ms
log.flush.scheduler.interval.ms
log.flush.start.offset.checkpoint.interval.ms
log.index.interval.bytes
log.index.size.max.bytes
log.message.downconversion.enable
log.message.format.version
log.message.timestamp.difference.max.ms
log.message.timestamp.type
log.preallocate
log.retention.bytes
log.retention.check.interval.ms
log.retention.hours
log.retention.minutes
log.retention.ms
log.roll.hours
log.roll.jitter.hours
log.roll.jitter.ms
log.roll.ms
log.segment.bytes
log.segment.delete.delay.ms
max.connection.creation.rate
max.connections
max.connections.per.ip
max.connections.per.ip.overrides
max.incremental.fetch.session.cache.slots
message.max.bytes
metadata.log.dir
metadata.log.max.record.bytes.between.snapshots
metadata.log.segment.bytes
metadata.log.segment.ms
metadata.max.retention.bytes
metadata.max.retention.ms
metric.reporters
metrics.num.samples
metrics.recording.level
metrics.sample.window.ms
min.insync.replicas
node.id
num.io.threads
num.network.threads
num.partitions
num.recovery.threads.per.data.dir
num.replica.alter.log.dirs.threads
num.replica.fetchers
offset.metadata.max.bytes
offsets.commit.required.acks
offsets.commit.timeout.ms
offsets.load.buffer.size
offsets.retention.check.interval.ms
offsets.retention.minutes
offsets.topic.compression.codec
offsets.topic.num.partitions
offsets.topic.replication.factor
offsets.topic.segment.bytes
password.encoder.cipher.algorithm
password.encoder.iterations
password.encoder.keyfactory.algorithm
password.encoder.key.length
password.encoder.old.secret
password.encoder.secret
principal.builder.class
process.roles
producer.purgatory.purge.interval.requests
queued.max.request.bytes
queued.max.requests
quota.window.num
quota.window.size.seconds
replica.fetch.backoff.ms
replica.fetch.max.bytes
replica.fetch.min.bytes
replica.fetch.response.max.bytes
replica.fetch.wait.max.ms
replica.high.watermark.checkpoint.interval.ms
replica.lag.time.max.ms
replica.selector.class
replica.socket.receive.buffer.bytes
replica.socket.timeout.ms
replication.quota.window.num
replication.quota.window.size.seconds
request.timeout.ms
reserved.broker.max.id
sasl.client.callback.handler.class
sasl.enabled.mechanisms
sasl.jaas.config
sasl.kerberos.kinit.cmd
sasl.kerberos.min.time.before.relogin
sasl.kerberos.principal.to.local.rules
sasl.kerberos.service.name
sasl.kerberos.ticket.renew.jitter
sasl.kerberos.ticket.renew.window.factor
sasl.login.callback.handler.class
sasl.login.class
sasl.login.refresh.buffer.seconds
sasl.login.refresh.min.period.seconds
sasl.login.refresh.window.factor
sasl.login.refresh.window.jitter
sasl.mechanism.controller.protocol
sasl.mechanism.inter.broker.protocol
sasl.server.callback.handler.class
security.inter.broker.protocol
security.providers
socket.connection.setup.timeout.max.ms
socket.connection.setup.timeout.ms
socket.receive.buffer.bytes
socket.request.max.bytes
socket.send.buffer.bytes
ssl.cipher.suites
ssl.client.auth
ssl.enabled.protocols
ssl.endpoint.identification.algorithm
ssl.engine.factory.class
ssl.keymanager.algorithm
ssl.key.password
ssl.keystore.certificate.chain
ssl.keystore.key
ssl.keystore.location
ssl.keystore.password
ssl.keystore.type
ssl.principal.mapping.rules
ssl.protocol
ssl.provider
ssl.secure.random.implementation
ssl.trustmanager.algorithm
ssl.truststore.certificates
ssl.truststore.location
ssl.truststore.password
ssl.truststore.type
transaction.abort.timed.out.transaction.cleanup.interval.ms
transactional.id.expiration.ms
transaction.max.timeout.ms
transaction.remove.expired.transaction.cleanup.interval.ms
transaction.state.log.load.buffer.size
transaction.state.log.min.isr
transaction.state.log.num.partitions
transaction.state.log.replication.factor
transaction.state.log.segment.bytes
unclean.leader.election.enable
zookeeper.clientCnxnSocket
zookeeper.connect
zookeeper.connection.timeout.ms
zookeeper.max.in.flight.requests
zookeeper.session.timeout.ms
zookeeper.set.acl
zookeeper.ssl.cipher.suites
zookeeper.ssl.client.enable
zookeeper.ssl.crl.enable
zookeeper.ssl.enabled.protocols
zookeeper.ssl.endpoint.identification.algorithm
zookeeper.ssl.keystore.location
zookeeper.ssl.keystore.password
zookeeper.ssl.keystore.type
zookeeper.ssl.ocsp.enable
zookeeper.ssl.protocol
zookeeper.ssl.truststore.location
zookeeper.ssl.truststore.password
zookeeper.ssl.truststore.type
zookeeper.sync.time.ms
